=== tc24r Demo 2: Pointers, Char, MMIO ===

Source: demo2.c
---
// tc24r demo2 -- Phase 4 features: char, pointers, casts, MMIO
//
// New features since demo.c:
//   - C comments (// and /* */)
//   - char type
//   - pointer declarations (int *, char *)
//   - address-of (&x)
//   - pointer dereference (*p) read and write
//   - cast expressions ((char *)addr)
//   - MMIO: LED D2 control, UART TX output
//
// COR24-TB hardware: 1 LED (D2), 1 button (S2), UART
//   LED at 0xFF0000, active-low: bit 0 = 0 turns LED on, 1 turns off
//   UART data at 0xFF0100
//
// Expected result after execution:
//   r0 = 42
//   LED = 0x00 (D2 on, active-low)
//   UART output: "OK"

/* MMIO helpers */
void led_on() {
    *(char *)0xFF0000 = 0;  /* active-low: 0 = LED on */
}

void led_off() {
    *(char *)0xFF0000 = 1;  /* active-low: 1 = LED off */
}

void uart_putc(int c) {
    while (*(char *)0xFF0101 & 0x80) {}
    *(char *)0xFF0100 = c;
}

int main() {
    int ok = 1;

    // --- char type ---
    char a = 65;
    char b = 66;
    if (a != 65) { ok = 0; }
    if (b != 66) { ok = 0; }

    // --- pointer to int: read via dereference ---
    int x = 123;
    int *px = &x;
    if (*px != 123) { ok = 0; }

    // --- pointer write: modify through pointer ---
    *px = 456;
    if (x != 456) { ok = 0; }

    // --- pointer to char ---
    char ch = 77;
    char *pc = &ch;
    if (*pc != 77) { ok = 0; }

    // --- MMIO: turn on LED D2 ---
    led_on();

    // --- UART output ---
    if (ok == 1) {
        uart_putc(79);   /* 'O' */
        uart_putc(75);   /* 'K' */
        uart_putc(10);   /* newline */
    }

    if (ok == 1) {
        return 42;
    }
    return 0;
}
---

Compiling demo2.c -> demo2.s

Generated assembly:
---
        .text

        .globl  _start
_start:
        la      r0,_main
        jal     r1,(r0)
_halt:
        bra     _halt

        .globl  _led_on
_led_on:
        push    fp
        push    r2
        push    r1
        mov     fp,sp
        la      r0,16711680
        mov     r1,r0
        lc      r0,0
        sb      r0,0(r1)
L0:
        mov     sp,fp
        pop     r1
        pop     r2
        pop     fp
        jmp     (r1)

        .globl  _uart_putc
_uart_putc:
        push    fp
        push    r2
        push    r1
        mov     fp,sp
L2:
        la      r0,16711937
        lbu     r0,0(r0)
        la      r1,128
        and     r0,r1
        ceq     r0,z
        brt     L3
        bra     L2
L3:
        la      r0,16711936
        mov     r1,r0
        lw      r0,9(fp)
        sb      r0,0(r1)
L1:
        mov     sp,fp
        pop     r1
        pop     r2
        pop     fp
        jmp     (r1)

        .globl  _main
_main:
        push    fp
        push    r2
        push    r1
        mov     fp,sp
        add     sp,-21
        lc      r0,1
        sw      r0,-3(fp)
        lc      r0,65
        sw      r0,-6(fp)
        lc      r0,66
        sw      r0,-9(fp)
        lw      r0,-6(fp)
        lc      r1,65
        ceq     r0,r1
        brt     L6
        lc      r0,0
        sw      r0,-3(fp)
L6:
        lw      r0,-9(fp)
        lc      r1,66
        ceq     r0,r1
        brt     L8
        lc      r0,0
        sw      r0,-3(fp)
L8:
        lc      r0,123
        sw      r0,-12(fp)
        lc      r0,-12
        add     r0,fp
        sw      r0,-15(fp)
        lw      r0,-15(fp)
        lw      r0,0(r0)
        lc      r1,123
        ceq     r0,r1
        brt     L10
        lc      r0,0
        sw      r0,-3(fp)
L10:
        lw      r0,-15(fp)
        mov     r1,r0
        la      r0,456
        sw      r0,0(r1)
        lw      r0,-12(fp)
        la      r1,456
        ceq     r0,r1
        brt     L12
        lc      r0,0
        sw      r0,-3(fp)
L12:
        lc      r0,77
        sw      r0,-18(fp)
        lc      r0,-18
        add     r0,fp
        sw      r0,-21(fp)
        lw      r0,-21(fp)
        lbu     r0,0(r0)
        lc      r1,77
        ceq     r0,r1
        brt     L14
        lc      r0,0
        sw      r0,-3(fp)
L14:
        la      r0,_led_on
        jal     r1,(r0)
        lw      r0,-3(fp)
        lc      r1,1
        ceq     r0,r1
        brf     L16
        lc      r0,79
        push    r0
        la      r0,_uart_putc
        jal     r1,(r0)
        add     sp,3
        lc      r0,75
        push    r0
        la      r0,_uart_putc
        jal     r1,(r0)
        add     sp,3
        lc      r0,10
        push    r0
        la      r0,_uart_putc
        jal     r1,(r0)
        add     sp,3
L16:
        lw      r0,-3(fp)
        lc      r1,1
        ceq     r0,r1
        brf     L18
        lc      r0,42
        bra     L4
L18:
        lc      r0,0
L4:
        mov     sp,fp
        pop     r1
        pop     r2
        pop     fp
        jmp     (r1)
---

Assembling and running on COR24 emulator...

LEDs: [91m●[0m[91m●[0m[91m●[0m[91m●[0m[91m●[0m[91m●[0m[91m●[0m[91m●[0m  (0x00)  [UART TX @ 151] 'O'  (0x4F)
[UART TX @ 151] 'K'  (0x4B)
[UART TX @ 151] '\n'

UART output: OK


Executed 151 instructions

=== Registers ===
  PC:  0x000005    C: 1
  r0:  0x00002A  (      42)
  r1:  0x000005  (       5)
  r2:  0x000000  (       0)
  fp:  0x000000
  sp:  0xFEEC00

=== Emulator ===
  Instructions: 152
  Halted: true

=== SRAM 000000-0FFFFF (1 MB) ===
  000000: 29 3B 00 00 25 13 FC 80 7F 7E 65 29 00 00 FF 5A  |);..%....~e)...Z|
  000010: 44 00 81 00 69 7A 7B 7C 27 80 7F 7E 65 29 01 01  |D...iz{|'..~e)..|
  000020: FF 38 00 2A 80 00 00 0D C8 15 00 13 EE 29 00 01  |.8.*.........)..|
  000030: FF 5A 4D 09 81 00 69 7A 7B 7C 27 80 7F 7E 65 0C  |.ZM...iz{|'..~e.|
  000040: EB 44 01 A6 FD 44 41 A6 FA 44 42 A6 F7 4D FA 45  |.D...DA..DB..M.E|
  000050: 41 16 15 02 44 00 A6 FD 4D F7 45 42 16 15 02 44  |A...D...M.EB...D|
  000060: 00 A6 FD 44 7B A6 F4 44 F4 58 A6 F1 4D F1 4A 00  |...D{..D.X..M.J.|
  000070: 45 7B 16 15 02 44 00 A6 FD 4D F1 5A 29 C8 01 00  |E{...D...M.Z)...|
  000080: A4 00 4D F4 2A C8 01 00 16 15 02 44 00 A6 FD 44  |..M.*......D...D|
  000090: 4D A6 EE 44 EE 58 A6 EB 4D EB 38 00 45 4D 16 15  |M..D.X..M.8.EM..|
  0000A0: 02 44 00 A6 FD 29 07 00 00 25 4D FD 45 01 16 14  |.D...)...%M.E...|
  0000B0: 1C 44 4F 7D 29 19 00 00 25 0C 03 44 4B 7D 29 19  |.DO})...%..DK}).|
  0000C0: 00 00 25 0C 03 44 0A 7D 29 19 00 00 25 0C 03 4D  |..%..D.})...%..M|
  0000D0: FD 45 01 16 14 02 44 2A 13 00 44 00 69 7A 7B 7C  |.E....D*..D.iz{||
  0000E0: 27 00 00 00 00 00 00 00 00 00 00 00 00 00 00 00  |'...............|
  0000F0..0FFFFF: 1048336 bytes all zero

=== Unmapped 100000-FEDDFF (14.9 MB, not installed) ===

=== EBR FEE000-FEFFFF (8 KB, stack) ===
  FEE000..FEEBCF: 3024 bytes all zero
  FEEBD0: 00 00 00 00 00 00 CD 00 00 00 00 00 F7 EB FE 0A  |................|
  FEEBE0: 00 00 E5 EB FE 4D 00 00 EB EB FE C8 01 00 42 00  |.....M........B.|
  FEEBF0: 00 41 00 00 01 00 00 05 00 00 00 00 00 00 00 00  |.A..............|
  FEEC00..FEFFFF: 5120 bytes all zero

=== I/O FF0000-FFFFFF (64 KB, memory-mapped peripherals) ===
  LED D2:  0x00  ON (active-low)
  BTN S2:  0x01  released
  FF0010 IntEn:  0x00  UART RX IRQ: disabled
  FF0100 UART:   status=0x02  RX ready: no  CTS: yes  TX busy: no
  UART TX log:   "OK\n"

=== Validation ===
  [PASS] CPU halted cleanly
  [PASS] r0 = 42 (all C checks passed)
  [PASS] LED D2 on (0x00, active-low)
  [PASS] UART output contains 'OK'

Demo 2 PASSED
